<?xml version="1.0" encoding="UTF-8"?>
<testng-results ignored="0" total="1" passed="1" failed="0" skipped="0">
  <reporter-output>
  </reporter-output>
  <suite started-at="2020-10-16T15:47:54 IST" name="Default suite" finished-at="2020-10-16T15:48:57 IST" duration-ms="63208">
    <groups>
    </groups>
    <test started-at="2020-10-16T15:47:54 IST" name="Default test" finished-at="2020-10-16T15:48:57 IST" duration-ms="63208">
      <class name="Com.Qa.RegistrationPage.RegistrationPage_Test">
        <test-method is-config="true" signature="setup()[pri:0, instance:Com.Qa.RegistrationPage.RegistrationPage_Test@610f7aa]" started-at="2020-10-16T15:47:54 IST" name="setup" finished-at="2020-10-16T15:48:29 IST" duration-ms="34527" status="PASS">
          <reporter-output>
          </reporter-output>
        </test-method> <!-- setup -->
        <test-method signature="Registration_Page_Test()[pri:0, instance:Com.Qa.RegistrationPage.RegistrationPage_Test@610f7aa]" started-at="2020-10-16T15:48:29 IST" name="Registration_Page_Test" finished-at="2020-10-16T15:48:55 IST" duration-ms="25777" status="PASS">
          <reporter-output>
          </reporter-output>
        </test-method> <!-- Registration_Page_Test -->
        <test-method is-config="true" signature="teardown()[pri:0, instance:Com.Qa.RegistrationPage.RegistrationPage_Test@610f7aa]" started-at="2020-10-16T15:48:55 IST" name="teardown" finished-at="2020-10-16T15:48:57 IST" duration-ms="2649" status="PASS">
          <reporter-output>
          </reporter-output>
        </test-method> <!-- teardown -->
      </class> <!-- Com.Qa.RegistrationPage.RegistrationPage_Test -->
    </test> <!-- Default test -->
  </suite> <!-- Default suite -->
</testng-results>
